<?xml version="1.0" encoding="UTF-8"?>
<testng-results ignored="0" total="1" passed="1" failed="0" skipped="0">
  <reporter-output>
  </reporter-output>
  <suite started-at="2023-05-26T20:33:50 IST" name="All Test Suite" finished-at="2023-05-26T20:34:12 IST" duration-ms="22001">
    <groups>
    </groups>
    <test started-at="2023-05-26T20:33:50 IST" name="D:/Mukesh_JenkinTutorial/Mukesh_Build_Intelliji" finished-at="2023-05-26T20:34:12 IST" duration-ms="22001">
      <class name="MavenforJenkin.UITest">
        <test-method signature="startBrowser(java.lang.String)[pri:0, instance:MavenforJenkin.UITest@4a883b15]" started-at="2023-05-26T20:33:50 IST" name="startBrowser" finished-at="2023-05-26T20:34:12 IST" duration-ms="21914" status="PASS">
          <params>
            <param index="0">
              <value>
                <![CDATA[Chrome]]>
              </value>
            </param>
          </params>
          <reporter-output>
          </reporter-output>
        </test-method> <!-- startBrowser -->
      </class> <!-- MavenforJenkin.UITest -->
    </test> <!-- D:/Mukesh_JenkinTutorial/Mukesh_Build_Intelliji -->
  </suite> <!-- All Test Suite -->
</testng-results>
